Arguments: 
  /usr/local/bin/node /usr/local/bin/yarn test

PATH: 
  /usr/local/bin:/usr/bin:/bin:/usr/sbin:/sbin:/usr/local/go/bin:/Applications/Wireshark.app/Contents/MacOS

Yarn version: 
  1.5.1

Node version: 
  8.11.1

Platform: 
  darwin x64

npm manifest: 
  {
    "name": "mock_website",
    "version": "1.0.0",
    "description": "Playground",
    "main": "app.js",
    "scripts": {
      "test": "jest",
      "start": "node server.js"
    },
    "repository": {
      "type": "git",
      "url": "git+https://github.com/aurimas-darguzis/mock_website.git"
    },
    "author": "",
    "license": "ISC",
    "bugs": {
      "url": "https://github.com/aurimas-darguzis/mock_website/issues"
    },
    "homepage": "https://github.com/aurimas-darguzis/mock_website#readme",
    "devDependencies": {
      "jest": "^23.2.0"
    }
  }

yarn manifest: 
  No manifest

Lockfile: 
  No lockfile

Trace: 
  Error: Command failed.
  Exit code: 1
  Command: sh
  Arguments: -c jest
  Directory: /Users/aurimasdarguzis/Desktop/local_projects/mock_website
  Output:
  
      at ProcessTermError.MessageError (/usr/local/lib/node_modules/yarn/lib/cli.js:186:110)
      at new ProcessTermError (/usr/local/lib/node_modules/yarn/lib/cli.js:226:113)
      at ChildProcess.<anonymous> (/usr/local/lib/node_modules/yarn/lib/cli.js:30281:17)
      at emitTwo (events.js:126:13)
      at ChildProcess.emit (events.js:214:7)
      at maybeClose (internal/child_process.js:925:16)
      at Process.ChildProcess._handle.onexit (internal/child_process.js:209:5)
